<?xml version="1.0" encoding="UTF-8"?>
<testsuite xmlns:xsi="http://www.w3.org/2001/XMLSchema-instance" xsi:noNamespaceSchemaLocation="https://maven.apache.org/surefire/maven-surefire-plugin/xsd/surefire-test-report.xsd" name="TestSuite" time="42.771" tests="15" errors="0" skipped="12" failures="2">
  <properties>
    <property name="sun.desktop" value="windows"/>
    <property name="awt.toolkit" value="sun.awt.windows.WToolkit"/>
    <property name="java.specification.version" value="11"/>
    <property name="sun.cpu.isalist" value="amd64"/>
    <property name="sun.jnu.encoding" value="Cp1252"/>
    <property name="java.class.path" value="C:\Users\shaikh.mohammad.rafi\Documents\GitHub\shaikhrafi28\DemoProjectOutlook_TestNG\target\test-classes;C:\Users\shaikh.mohammad.rafi\Documents\GitHub\shaikhrafi28\DemoProjectOutlook_TestNG\target\classes;C:\Users\shaikh.mohammad.rafi\.m2\repository\org\seleniumhq\selenium\selenium-java\3.14.0\selenium-java-3.14.0.jar;C:\Users\shaikh.mohammad.rafi\.m2\repository\org\seleniumhq\selenium\selenium-api\3.14.0\selenium-api-3.14.0.jar;C:\Users\shaikh.mohammad.rafi\.m2\repository\org\seleniumhq\selenium\selenium-chrome-driver\3.14.0\selenium-chrome-driver-3.14.0.jar;C:\Users\shaikh.mohammad.rafi\.m2\repository\org\seleniumhq\selenium\selenium-edge-driver\3.14.0\selenium-edge-driver-3.14.0.jar;C:\Users\shaikh.mohammad.rafi\.m2\repository\org\seleniumhq\selenium\selenium-firefox-driver\3.14.0\selenium-firefox-driver-3.14.0.jar;C:\Users\shaikh.mohammad.rafi\.m2\repository\org\seleniumhq\selenium\selenium-ie-driver\3.14.0\selenium-ie-driver-3.14.0.jar;C:\Users\shaikh.mohammad.rafi\.m2\repository\org\seleniumhq\selenium\selenium-opera-driver\3.14.0\selenium-opera-driver-3.14.0.jar;C:\Users\shaikh.mohammad.rafi\.m2\repository\org\seleniumhq\selenium\selenium-remote-driver\3.14.0\selenium-remote-driver-3.14.0.jar;C:\Users\shaikh.mohammad.rafi\.m2\repository\org\seleniumhq\selenium\selenium-safari-driver\3.14.0\selenium-safari-driver-3.14.0.jar;C:\Users\shaikh.mohammad.rafi\.m2\repository\org\seleniumhq\selenium\selenium-support\3.14.0\selenium-support-3.14.0.jar;C:\Users\shaikh.mohammad.rafi\.m2\repository\net\bytebuddy\byte-buddy\1.8.15\byte-buddy-1.8.15.jar;C:\Users\shaikh.mohammad.rafi\.m2\repository\org\apache\commons\commons-exec\1.3\commons-exec-1.3.jar;C:\Users\shaikh.mohammad.rafi\.m2\repository\commons-codec\commons-codec\1.10\commons-codec-1.10.jar;C:\Users\shaikh.mohammad.rafi\.m2\repository\commons-logging\commons-logging\1.2\commons-logging-1.2.jar;C:\Users\shaikh.mohammad.rafi\.m2\repository\com\google\guava\guava\25.0-jre\guava-25.0-jre.jar;C:\Users\shaikh.mohammad.rafi\.m2\repository\com\google\code\findbugs\jsr305\1.3.9\jsr305-1.3.9.jar;C:\Users\shaikh.mohammad.rafi\.m2\repository\org\checkerframework\checker-compat-qual\2.0.0\checker-compat-qual-2.0.0.jar;C:\Users\shaikh.mohammad.rafi\.m2\repository\com\google\errorprone\error_prone_annotations\2.1.3\error_prone_annotations-2.1.3.jar;C:\Users\shaikh.mohammad.rafi\.m2\repository\com\google\j2objc\j2objc-annotations\1.1\j2objc-annotations-1.1.jar;C:\Users\shaikh.mohammad.rafi\.m2\repository\org\codehaus\mojo\animal-sniffer-annotations\1.14\animal-sniffer-annotations-1.14.jar;C:\Users\shaikh.mohammad.rafi\.m2\repository\org\apache\httpcomponents\httpclient\4.5.5\httpclient-4.5.5.jar;C:\Users\shaikh.mohammad.rafi\.m2\repository\org\apache\httpcomponents\httpcore\4.4.9\httpcore-4.4.9.jar;C:\Users\shaikh.mohammad.rafi\.m2\repository\com\squareup\okhttp3\okhttp\3.10.0\okhttp-3.10.0.jar;C:\Users\shaikh.mohammad.rafi\.m2\repository\com\squareup\okio\okio\1.14.1\okio-1.14.1.jar;C:\Users\shaikh.mohammad.rafi\.m2\repository\org\mongodb\mongo-java-driver\3.8.0\mongo-java-driver-3.8.0.jar;C:\Users\shaikh.mohammad.rafi\.m2\repository\org\testng\testng\6.3.1\testng-6.3.1.jar;C:\Users\shaikh.mohammad.rafi\.m2\repository\junit\junit\3.8.1\junit-3.8.1.jar;C:\Users\shaikh.mohammad.rafi\.m2\repository\org\beanshell\bsh\2.0b4\bsh-2.0b4.jar;C:\Users\shaikh.mohammad.rafi\.m2\repository\com\beust\jcommander\1.12\jcommander-1.12.jar;C:\Users\shaikh.mohammad.rafi\.m2\repository\org\yaml\snakeyaml\1.6\snakeyaml-1.6.jar;C:\Users\shaikh.mohammad.rafi\.m2\repository\org\apache\poi\poi\3.9\poi-3.9.jar;C:\Users\shaikh.mohammad.rafi\.m2\repository\org\apache\poi\poi-ooxml\3.9\poi-ooxml-3.9.jar;C:\Users\shaikh.mohammad.rafi\.m2\repository\dom4j\dom4j\1.6.1\dom4j-1.6.1.jar;C:\Users\shaikh.mohammad.rafi\.m2\repository\xml-apis\xml-apis\1.0.b2\xml-apis-1.0.b2.jar;C:\Users\shaikh.mohammad.rafi\.m2\repository\org\apache\poi\poi-ooxml-schemas\3.9\poi-ooxml-schemas-3.9.jar;C:\Users\shaikh.mohammad.rafi\.m2\repository\org\apache\xmlbeans\xmlbeans\2.3.0\xmlbeans-2.3.0.jar;C:\Users\shaikh.mohammad.rafi\.m2\repository\stax\stax-api\1.0.1\stax-api-1.0.1.jar;C:\Users\shaikh.mohammad.rafi\.m2\repository\org\apache\poi\poi-scratchpad\3.9\poi-scratchpad-3.9.jar;C:\Users\shaikh.mohammad.rafi\.m2\repository\org\apache\poi\ooxml-schemas\1.1\ooxml-schemas-1.1.jar;C:\Users\shaikh.mohammad.rafi\.m2\repository\org\apache\poi\openxml4j\1.0-beta\openxml4j-1.0-beta.jar;C:\Users\shaikh.mohammad.rafi\.m2\repository\log4j\log4j\1.2.8\log4j-1.2.8.jar;C:\Users\shaikh.mohammad.rafi\.m2\repository\com\relevantcodes\extentreports\2.41.2\extentreports-2.41.2.jar;C:\Users\shaikh.mohammad.rafi\.m2\repository\org\jsoup\jsoup\1.8.3\jsoup-1.8.3.jar;C:\Users\shaikh.mohammad.rafi\.m2\repository\org\xerial\sqlite-jdbc\3.8.11.1\sqlite-jdbc-3.8.11.1.jar;C:\Users\shaikh.mohammad.rafi\.m2\repository\org\freemarker\freemarker\2.3.23\freemarker-2.3.23.jar;C:\Users\shaikh.mohammad.rafi\.m2\repository\org\mongodb\mongodb-driver\3.0.4\mongodb-driver-3.0.4.jar;C:\Users\shaikh.mohammad.rafi\.m2\repository\org\mongodb\bson\3.0.4\bson-3.0.4.jar;C:\Users\shaikh.mohammad.rafi\.m2\repository\org\mongodb\mongodb-driver-core\3.0.4\mongodb-driver-core-3.0.4.jar;C:\Users\shaikh.mohammad.rafi\.m2\repository\org\slf4j\slf4j-api\1.8.0-beta2\slf4j-api-1.8.0-beta2.jar;C:\Users\shaikh.mohammad.rafi\.m2\repository\com\google\code\gson\gson\2.8.5\gson-2.8.5.jar;C:\Users\shaikh.mohammad.rafi\.m2\repository\org\apache\commons\commons-compress\1.18\commons-compress-1.18.jar;C:\Users\shaikh.mohammad.rafi\.m2\repository\org\rauschig\jarchivelib\0.7.1\jarchivelib-0.7.1.jar;C:\Users\shaikh.mohammad.rafi\.m2\repository\org\apache\commons\commons-lang3\3.8.1\commons-lang3-3.8.1.jar;C:\Users\shaikh.mohammad.rafi\.m2\repository\commons-io\commons-io\2.6\commons-io-2.6.jar;C:\Users\shaikh.mohammad.rafi\.m2\repository\info\cukes\cucumber-java\1.2.5\cucumber-java-1.2.5.jar;C:\Users\shaikh.mohammad.rafi\.m2\repository\info\cukes\cucumber-core\1.2.5\cucumber-core-1.2.5.jar;C:\Users\shaikh.mohammad.rafi\.m2\repository\info\cukes\cucumber-html\0.2.3\cucumber-html-0.2.3.jar;C:\Users\shaikh.mohammad.rafi\.m2\repository\info\cukes\cucumber-jvm-deps\1.0.5\cucumber-jvm-deps-1.0.5.jar;C:\Users\shaikh.mohammad.rafi\.m2\repository\info\cukes\gherkin\2.12.2\gherkin-2.12.2.jar;C:\Users\shaikh.mohammad.rafi\.m2\repository\info\cukes\cucumber-junit\1.2.5\cucumber-junit-1.2.5.jar;C:\Users\shaikh.mohammad.rafi\.m2\repository\info\cukes\cucumber-testng\1.2.5\cucumber-testng-1.2.5.jar;"/>
    <property name="java.vm.vendor" value="Oracle Corporation"/>
    <property name="sun.arch.data.model" value="64"/>
    <property name="user.variant" value=""/>
    <property name="java.vendor.url" value="http://java.oracle.com/"/>
    <property name="user.timezone" value="Asia/Calcutta"/>
    <property name="java.vm.specification.version" value="11"/>
    <property name="os.name" value="Windows 10"/>
    <property name="sun.java.launcher" value="SUN_STANDARD"/>
    <property name="user.country" value="US"/>
    <property name="sun.boot.library.path" value="C:\Program Files\Java\jdk-11.0.1\bin"/>
    <property name="sun.java.command" value="C:\Users\SHAIKH~1.RAF\AppData\Local\Temp\surefire16607121116566939916\surefirebooter17463146113774240521.jar C:\Users\shaikh.mohammad.rafi\AppData\Local\Temp\surefire16607121116566939916 2019-02-15T16-47-00_421-jvmRun1 surefire7879491609568388766tmp surefire_011937198289232617862tmp"/>
    <property name="jdk.debug" value="release"/>
    <property name="surefire.test.class.path" value="C:\Users\shaikh.mohammad.rafi\Documents\GitHub\shaikhrafi28\DemoProjectOutlook_TestNG\target\test-classes;C:\Users\shaikh.mohammad.rafi\Documents\GitHub\shaikhrafi28\DemoProjectOutlook_TestNG\target\classes;C:\Users\shaikh.mohammad.rafi\.m2\repository\org\seleniumhq\selenium\selenium-java\3.14.0\selenium-java-3.14.0.jar;C:\Users\shaikh.mohammad.rafi\.m2\repository\org\seleniumhq\selenium\selenium-api\3.14.0\selenium-api-3.14.0.jar;C:\Users\shaikh.mohammad.rafi\.m2\repository\org\seleniumhq\selenium\selenium-chrome-driver\3.14.0\selenium-chrome-driver-3.14.0.jar;C:\Users\shaikh.mohammad.rafi\.m2\repository\org\seleniumhq\selenium\selenium-edge-driver\3.14.0\selenium-edge-driver-3.14.0.jar;C:\Users\shaikh.mohammad.rafi\.m2\repository\org\seleniumhq\selenium\selenium-firefox-driver\3.14.0\selenium-firefox-driver-3.14.0.jar;C:\Users\shaikh.mohammad.rafi\.m2\repository\org\seleniumhq\selenium\selenium-ie-driver\3.14.0\selenium-ie-driver-3.14.0.jar;C:\Users\shaikh.mohammad.rafi\.m2\repository\org\seleniumhq\selenium\selenium-opera-driver\3.14.0\selenium-opera-driver-3.14.0.jar;C:\Users\shaikh.mohammad.rafi\.m2\repository\org\seleniumhq\selenium\selenium-remote-driver\3.14.0\selenium-remote-driver-3.14.0.jar;C:\Users\shaikh.mohammad.rafi\.m2\repository\org\seleniumhq\selenium\selenium-safari-driver\3.14.0\selenium-safari-driver-3.14.0.jar;C:\Users\shaikh.mohammad.rafi\.m2\repository\org\seleniumhq\selenium\selenium-support\3.14.0\selenium-support-3.14.0.jar;C:\Users\shaikh.mohammad.rafi\.m2\repository\net\bytebuddy\byte-buddy\1.8.15\byte-buddy-1.8.15.jar;C:\Users\shaikh.mohammad.rafi\.m2\repository\org\apache\commons\commons-exec\1.3\commons-exec-1.3.jar;C:\Users\shaikh.mohammad.rafi\.m2\repository\commons-codec\commons-codec\1.10\commons-codec-1.10.jar;C:\Users\shaikh.mohammad.rafi\.m2\repository\commons-logging\commons-logging\1.2\commons-logging-1.2.jar;C:\Users\shaikh.mohammad.rafi\.m2\repository\com\google\guava\guava\25.0-jre\guava-25.0-jre.jar;C:\Users\shaikh.mohammad.rafi\.m2\repository\com\google\code\findbugs\jsr305\1.3.9\jsr305-1.3.9.jar;C:\Users\shaikh.mohammad.rafi\.m2\repository\org\checkerframework\checker-compat-qual\2.0.0\checker-compat-qual-2.0.0.jar;C:\Users\shaikh.mohammad.rafi\.m2\repository\com\google\errorprone\error_prone_annotations\2.1.3\error_prone_annotations-2.1.3.jar;C:\Users\shaikh.mohammad.rafi\.m2\repository\com\google\j2objc\j2objc-annotations\1.1\j2objc-annotations-1.1.jar;C:\Users\shaikh.mohammad.rafi\.m2\repository\org\codehaus\mojo\animal-sniffer-annotations\1.14\animal-sniffer-annotations-1.14.jar;C:\Users\shaikh.mohammad.rafi\.m2\repository\org\apache\httpcomponents\httpclient\4.5.5\httpclient-4.5.5.jar;C:\Users\shaikh.mohammad.rafi\.m2\repository\org\apache\httpcomponents\httpcore\4.4.9\httpcore-4.4.9.jar;C:\Users\shaikh.mohammad.rafi\.m2\repository\com\squareup\okhttp3\okhttp\3.10.0\okhttp-3.10.0.jar;C:\Users\shaikh.mohammad.rafi\.m2\repository\com\squareup\okio\okio\1.14.1\okio-1.14.1.jar;C:\Users\shaikh.mohammad.rafi\.m2\repository\org\mongodb\mongo-java-driver\3.8.0\mongo-java-driver-3.8.0.jar;C:\Users\shaikh.mohammad.rafi\.m2\repository\org\testng\testng\6.3.1\testng-6.3.1.jar;C:\Users\shaikh.mohammad.rafi\.m2\repository\junit\junit\3.8.1\junit-3.8.1.jar;C:\Users\shaikh.mohammad.rafi\.m2\repository\org\beanshell\bsh\2.0b4\bsh-2.0b4.jar;C:\Users\shaikh.mohammad.rafi\.m2\repository\com\beust\jcommander\1.12\jcommander-1.12.jar;C:\Users\shaikh.mohammad.rafi\.m2\repository\org\yaml\snakeyaml\1.6\snakeyaml-1.6.jar;C:\Users\shaikh.mohammad.rafi\.m2\repository\org\apache\poi\poi\3.9\poi-3.9.jar;C:\Users\shaikh.mohammad.rafi\.m2\repository\org\apache\poi\poi-ooxml\3.9\poi-ooxml-3.9.jar;C:\Users\shaikh.mohammad.rafi\.m2\repository\dom4j\dom4j\1.6.1\dom4j-1.6.1.jar;C:\Users\shaikh.mohammad.rafi\.m2\repository\xml-apis\xml-apis\1.0.b2\xml-apis-1.0.b2.jar;C:\Users\shaikh.mohammad.rafi\.m2\repository\org\apache\poi\poi-ooxml-schemas\3.9\poi-ooxml-schemas-3.9.jar;C:\Users\shaikh.mohammad.rafi\.m2\repository\org\apache\xmlbeans\xmlbeans\2.3.0\xmlbeans-2.3.0.jar;C:\Users\shaikh.mohammad.rafi\.m2\repository\stax\stax-api\1.0.1\stax-api-1.0.1.jar;C:\Users\shaikh.mohammad.rafi\.m2\repository\org\apache\poi\poi-scratchpad\3.9\poi-scratchpad-3.9.jar;C:\Users\shaikh.mohammad.rafi\.m2\repository\org\apache\poi\ooxml-schemas\1.1\ooxml-schemas-1.1.jar;C:\Users\shaikh.mohammad.rafi\.m2\repository\org\apache\poi\openxml4j\1.0-beta\openxml4j-1.0-beta.jar;C:\Users\shaikh.mohammad.rafi\.m2\repository\log4j\log4j\1.2.8\log4j-1.2.8.jar;C:\Users\shaikh.mohammad.rafi\.m2\repository\com\relevantcodes\extentreports\2.41.2\extentreports-2.41.2.jar;C:\Users\shaikh.mohammad.rafi\.m2\repository\org\jsoup\jsoup\1.8.3\jsoup-1.8.3.jar;C:\Users\shaikh.mohammad.rafi\.m2\repository\org\xerial\sqlite-jdbc\3.8.11.1\sqlite-jdbc-3.8.11.1.jar;C:\Users\shaikh.mohammad.rafi\.m2\repository\org\freemarker\freemarker\2.3.23\freemarker-2.3.23.jar;C:\Users\shaikh.mohammad.rafi\.m2\repository\org\mongodb\mongodb-driver\3.0.4\mongodb-driver-3.0.4.jar;C:\Users\shaikh.mohammad.rafi\.m2\repository\org\mongodb\bson\3.0.4\bson-3.0.4.jar;C:\Users\shaikh.mohammad.rafi\.m2\repository\org\mongodb\mongodb-driver-core\3.0.4\mongodb-driver-core-3.0.4.jar;C:\Users\shaikh.mohammad.rafi\.m2\repository\org\slf4j\slf4j-api\1.8.0-beta2\slf4j-api-1.8.0-beta2.jar;C:\Users\shaikh.mohammad.rafi\.m2\repository\com\google\code\gson\gson\2.8.5\gson-2.8.5.jar;C:\Users\shaikh.mohammad.rafi\.m2\repository\org\apache\commons\commons-compress\1.18\commons-compress-1.18.jar;C:\Users\shaikh.mohammad.rafi\.m2\repository\org\rauschig\jarchivelib\0.7.1\jarchivelib-0.7.1.jar;C:\Users\shaikh.mohammad.rafi\.m2\repository\org\apache\commons\commons-lang3\3.8.1\commons-lang3-3.8.1.jar;C:\Users\shaikh.mohammad.rafi\.m2\repository\commons-io\commons-io\2.6\commons-io-2.6.jar;C:\Users\shaikh.mohammad.rafi\.m2\repository\info\cukes\cucumber-java\1.2.5\cucumber-java-1.2.5.jar;C:\Users\shaikh.mohammad.rafi\.m2\repository\info\cukes\cucumber-core\1.2.5\cucumber-core-1.2.5.jar;C:\Users\shaikh.mohammad.rafi\.m2\repository\info\cukes\cucumber-html\0.2.3\cucumber-html-0.2.3.jar;C:\Users\shaikh.mohammad.rafi\.m2\repository\info\cukes\cucumber-jvm-deps\1.0.5\cucumber-jvm-deps-1.0.5.jar;C:\Users\shaikh.mohammad.rafi\.m2\repository\info\cukes\gherkin\2.12.2\gherkin-2.12.2.jar;C:\Users\shaikh.mohammad.rafi\.m2\repository\info\cukes\cucumber-junit\1.2.5\cucumber-junit-1.2.5.jar;C:\Users\shaikh.mohammad.rafi\.m2\repository\info\cukes\cucumber-testng\1.2.5\cucumber-testng-1.2.5.jar;"/>
    <property name="sun.cpu.endian" value="little"/>
    <property name="user.home" value="C:\Users\shaikh.mohammad.rafi"/>
    <property name="user.language" value="en"/>
    <property name="java.specification.vendor" value="Oracle Corporation"/>
    <property name="java.version.date" value="2018-10-16"/>
    <property name="java.home" value="C:\Program Files\Java\jdk-11.0.1"/>
    <property name="file.separator" value="\"/>
    <property name="basedir" value="C:\Users\shaikh.mohammad.rafi\Documents\GitHub\shaikhrafi28\DemoProjectOutlook_TestNG"/>
    <property name="java.vm.compressedOopsMode" value="32-bit"/>
    <property name="line.separator" value="&#10;"/>
    <property name="java.specification.name" value="Java Platform API Specification"/>
    <property name="java.vm.specification.vendor" value="Oracle Corporation"/>
    <property name="java.awt.graphicsenv" value="sun.awt.Win32GraphicsEnvironment"/>
    <property name="surefire.real.class.path" value="C:\Users\SHAIKH~1.RAF\AppData\Local\Temp\surefire16607121116566939916\surefirebooter17463146113774240521.jar"/>
    <property name="user.script" value=""/>
    <property name="sun.management.compiler" value="HotSpot 64-Bit Tiered Compilers"/>
    <property name="java.runtime.version" value="11.0.1+13-LTS"/>
    <property name="user.name" value="shaikh.mohammad.rafi"/>
    <property name="path.separator" value=";"/>
    <property name="os.version" value="10.0"/>
    <property name="java.runtime.name" value="Java(TM) SE Runtime Environment"/>
    <property name="file.encoding" value="Cp1252"/>
    <property name="java.vm.name" value="Java HotSpot(TM) 64-Bit Server VM"/>
    <property name="java.vendor.version" value="18.9"/>
    <property name="localRepository" value="C:\Users\shaikh.mohammad.rafi\.m2\repository"/>
    <property name="java.vendor.url.bug" value="http://bugreport.java.com/bugreport/"/>
    <property name="java.io.tmpdir" value="C:\Users\SHAIKH~1.RAF\AppData\Local\Temp\"/>
    <property name="java.version" value="11.0.1"/>
    <property name="user.dir" value="C:\Users\shaikh.mohammad.rafi\Documents\GitHub\shaikhrafi28\DemoProjectOutlook_TestNG"/>
    <property name="os.arch" value="amd64"/>
    <property name="java.vm.specification.name" value="Java Virtual Machine Specification"/>
    <property name="java.awt.printerjob" value="sun.awt.windows.WPrinterJob"/>
    <property name="sun.os.patch.level" value=""/>
    <property name="java.library.path" value="C:\Program Files\Java\jdk-11.0.1\bin;C:\WINDOWS\Sun\Java\bin;C:\WINDOWS\system32;C:\WINDOWS;C:/Program Files/Java/jdk-11.0.1/bin/server;C:/Program Files/Java/jdk-11.0.1/bin;C:\Program Files\Java\jdk-11.0.1\bin;C:\Program Files (x86)\Common Files\Oracle\Java\javapath;C:\Program Files\Microsoft MPI\Bin\;C:\ProgramData\Oracle\Java\javapath;C:\WINDOWS\system32;C:\WINDOWS;C:\WINDOWS\System32\Wbem;C:\WINDOWS\System32\WindowsPowerShell\v1.0\;C:\Program Files\dotnet\;C:\Program Files\Microsoft SQL Server\120\Tools\Binn\;C:\Program Files\Microsoft SQL Server\Client SDK\ODBC\110\Tools\Binn\;C:\Program Files (x86)\Microsoft SQL Server\120\Tools\Binn\;C:\Program Files\Microsoft SQL Server\120\DTS\Binn\;C:\Program Files\nodejs\;C:\Program Files\Microsoft\Web Platform Installer\;C:\Program Files (x86)\Microsoft ASP.NET\ASP.NET Web Pages\v1.0\;C:\Program Files (x86)\Windows Kits\8.0\Windows Performance Toolkit\;C:\Program Files\Microsoft SQL Server\110\Tools\Binn\;C:\Program Files\Microsoft VS Code\bin;C:\WINDOWS\System32\OpenSSH\;C:\Program Files\apache-maven-3.5.4\bin;C:\Program Files (x86)\Microsoft SQL Server\Client SDK\ODBC\130\Tools\Binn\;C:\Program Files (x86)\Microsoft SQL Server\140\Tools\Binn\;C:\Program Files (x86)\Microsoft SQL Server\140\DTS\Binn\;C:\Program Files (x86)\Microsoft SQL Server\140\Tools\Binn\ManagementStudio\;C:\Users\shaikh.mohammad.rafi\AppData\Local\Continuum\anaconda3;C:\Users\shaikh.mohammad.rafi\AppData\Local\Continuum\anaconda3\Library\mingw-w64\bin;C:\Users\shaikh.mohammad.rafi\AppData\Local\Continuum\anaconda3\Library\usr\bin;C:\Users\shaikh.mohammad.rafi\AppData\Local\Continuum\anaconda3\Library\bin;C:\Users\shaikh.mohammad.rafi\AppData\Local\Continuum\anaconda3\Scripts;C:\Program Files\Java\jdk-11.0.1\bin;C:\Users\shaikh.mohammad.rafi\AppData\Local\Microsoft\WindowsApps;C:\Users\shaikh.mohammad.rafi\AppData\Local\Programs\Fiddler;C:\Users\shaikh.mohammad.rafi\AppData\Local\GitHubDesktop\bin;;C:\WINDOWS\system32;;."/>
    <property name="java.vendor" value="Oracle Corporation"/>
    <property name="java.vm.info" value="mixed mode"/>
    <property name="java.vm.version" value="11.0.1+13-LTS"/>
    <property name="sun.io.unicode.encoding" value="UnicodeLittle"/>
    <property name="java.class.version" value="55.0"/>
  </properties>
  <testcase name="loginToOutlook" classname="com.outlook.qa.testcases.MailBoxPageTest" time="25.101"/>
  <testcase name="cbrowser" classname="com.outlook.qa.testcases.MailBoxPageTest" time="25.119">
    <failure type="java.lang.NullPointerException">java.lang.NullPointerException
	at com.outlook.qa.testcases.MailBoxPageTest.cbrowser(MailBoxPageTest.java:95)
</failure>
  </testcase>
  <testcase name="cbrowser" classname="com.outlook.qa.testcases.MailBoxPageTest" time="25.12">
    <failure type="java.lang.NullPointerException">java.lang.NullPointerException
	at com.outlook.qa.testcases.MailBoxPageTest.cbrowser(MailBoxPageTest.java:95)
</failure>
  </testcase>
  <testcase name="cbrowser" classname="com.outlook.qa.testcases.MailBoxPageTest" time="0">
    <skipped/>
  </testcase>
  <testcase name="cbrowser" classname="com.outlook.qa.testcases.MailBoxPageTest" time="0">
    <skipped/>
  </testcase>
  <testcase name="cbrowser" classname="com.outlook.qa.testcases.MailBoxPageTest" time="0">
    <skipped/>
  </testcase>
  <testcase name="cbrowser" classname="com.outlook.qa.testcases.MailBoxPageTest" time="0">
    <skipped/>
  </testcase>
  <testcase name="setUp" classname="com.outlook.qa.testcases.MailBoxPageTest" time="0">
    <skipped/>
  </testcase>
  <testcase name="setUp" classname="com.outlook.qa.testcases.MailBoxPageTest" time="0">
    <skipped/>
  </testcase>
  <testcase name="setUp" classname="com.outlook.qa.testcases.MailBoxPageTest" time="0">
    <skipped/>
  </testcase>
  <testcase name="setUp" classname="com.outlook.qa.testcases.MailBoxPageTest" time="0">
    <skipped/>
  </testcase>
  <testcase name="clickNewEmail" classname="com.outlook.qa.testcases.MailBoxPageTest" time="0">
    <skipped/>
    <system-out><![CDATA[Test Started
Test Skipped
]]></system-out>
  </testcase>
  <testcase name="composeNewEmail" classname="com.outlook.qa.testcases.MailBoxPageTest" time="0">
    <skipped/>
    <system-out><![CDATA[Test Started
Test Skipped
]]></system-out>
  </testcase>
  <testcase name="aftersuite" classname="com.outlook.qa.testcases.MailBoxPageTest" time="0">
    <skipped/>
  </testcase>
  <testcase name="aftersuite" classname="com.outlook.qa.testcases.MailBoxPageTest" time="0">
    <skipped/>
  </testcase>
</testsuite>