<?xml version="1.0" encoding="UTF-8"?>
<!-- Generated by org.testng.reporters.JUnitReportReporter -->
<testsuite hostname="HDC2-D-BXM1T72" failures="0" tests="1" name="com.outlook.qa.testcases.LoginPage.LoginTest01" time="14.305" errors="0" timestamp="19 Feb 2019 09:28:27 GMT">
  <testcase classname="com.outlook.qa.testcases.LoginPage.LoginTest01" name="invalidLoginTest_InvalidPassword" time="14.305"/>
</testsuite>
