<?xml version="1.0" encoding="UTF-8"?>
<!-- Generated by org.testng.reporters.JUnitReportReporter -->
<testsuite hostname="sys-PC" failures="0" tests="1" name="com.outlook.qa.testcases.LoginPage.LoginTest01" time="8.838" errors="0" timestamp="21 Feb 2019 17:30:43 GMT" skipped="0">
  <testcase classname="com.outlook.qa.testcases.LoginPage.LoginTest01" name="LoginTest_InvalidPassword" time="8.838"/>
</testsuite> <!-- com.outlook.qa.testcases.LoginPage.LoginTest01 -->
